
Showing logs for build [32mcb-kubecd-environment-pr-27-38-84jvn-1[0m stage [32mfrom-build-pack[0m and container [32mstep-credential-initializer-d2lm7[0m
{"level":"warn","ts":1570616342.3726068,"logger":"fallback-logger","caller":"logging/config.go:69","msg":"Fetch GitHub commit ID from kodata failed: \"ref: refs/heads/master\" is not a valid GitHub commit ID"}
{"level":"info","ts":1570616342.3735113,"logger":"fallback-logger","caller":"creds-init/main.go:40","msg":"Credentials initialized."}

Showing logs for build [32mcb-kubecd-environment-pr-27-38-84jvn-1[0m stage [32mfrom-build-pack[0m and container [32mstep-working-dir-initializer-mlh8v[0m
{"level":"warn","ts":1570616342.840573,"logger":"fallback-logger","caller":"logging/config.go:69","msg":"Fetch GitHub commit ID from kodata failed: open /var/run/ko/HEAD: no such file or directory"}
{"level":"info","ts":1570616342.8428135,"logger":"fallback-logger","caller":"bash/main.go:65","msg":"Successfully executed command \"mkdir -p /workspace/source /workspace/source/env\""}

Showing logs for build [32mcb-kubecd-environment-pr-27-38-84jvn-1[0m stage [32mfrom-build-pack[0m and container [32mstep-place-tools[0m

Showing logs for build [32mcb-kubecd-environment-pr-27-38-84jvn-1[0m stage [32mfrom-build-pack[0m and container [32mstep-git-source-cb-kubecd-environment-pr-27-38-8qjf6[0m
{"level":"warn","ts":1570616404.0260599,"logger":"fallback-logger","caller":"logging/config.go:69","msg":"Fetch GitHub commit ID from kodata failed: \"ref: refs/heads/master\" is not a valid GitHub commit ID"}
{"level":"info","ts":1570616405.1192946,"logger":"fallback-logger","caller":"git/git.go:102","msg":"Successfully cloned https://github.com/cb-kubecd/environment-pr-27-38-boot-gke-staging.git @ b483a8501047976ba965b946c28b77e5f47d10b8 in path /workspace/source"}

Showing logs for build [32mcb-kubecd-environment-pr-27-38-84jvn-1[0m stage [32mfrom-build-pack[0m and container [32mstep-git-merge[0m
Using SHAs from PULL_REFS=master:9b39878df4225e790fbd0de52a29833f08e4e68c,3:b483a8501047976ba965b946c28b77e5f47d10b8
DEBUG: ran git fetch --unshallow origin b483a8501047976ba965b946c28b77e5f47d10b8: 9b39878df4225e790fbd0de52a29833f08e4e68c: in 
DEBUG: ran git checkout master in 
DEBUG: ran git reset --hard 9b39878df4225e790fbd0de52a29833f08e4e68c in 
DEBUG: ran clean --force -d . in 
DEBUG: ran git merge b483a8501047976ba965b946c28b77e5f47d10b8 in 
Merged SHA b483a8501047976ba965b946c28b77e5f47d10b8 with commit message 'chore: Promote bdd-nh-1570615345 to version 0.0.1' into base branch master

Showing logs for build [32mcb-kubecd-environment-pr-27-38-84jvn-1[0m stage [32mfrom-build-pack[0m and container [32mstep-build-helm-build[0m
WARNING: No $CHART_REPOSITORY defined so using the default value of: http://jenkins-x-chartmuseum:8080
Adding missing Helm repo: storage.googleapis.com https://storage.googleapis.com/chartmuseum.jenkins-x.io
Read credentials for https://storage.googleapis.com/chartmuseum.jenkins-x.io from vault helm/repos
Successfully added Helm repository storage.googleapis.com.
Adding missing Helm repo: jenkins-x-chartmuseum http://jenkins-x-chartmuseum:8080
Read credentials for http://jenkins-x-chartmuseum:8080 from vault helm/repos
Successfully added Helm repository jenkins-x-chartmuseum.
WARNING: No $CHART_REPOSITORY defined so using the default value of: http://jenkins-x-chartmuseum:8080
Adding missing Helm repo: chartmuseum.jenkins-x.io http://chartmuseum.jenkins-x.io
Read credentials for http://chartmuseum.jenkins-x.io from vault helm/repos
Successfully added Helm repository chartmuseum.jenkins-x.io.
