
Showing logs for build [32mcb-kubecd-environment-pr-27-38-rlpcl-1[0m stage [32mfrom-build-pack[0m and container [32mstep-credential-initializer-gkckv[0m
{"level":"warn","ts":1570617265.6084957,"logger":"fallback-logger","caller":"logging/config.go:69","msg":"Fetch GitHub commit ID from kodata failed: \"ref: refs/heads/master\" is not a valid GitHub commit ID"}
{"level":"info","ts":1570617265.609491,"logger":"fallback-logger","caller":"creds-init/main.go:40","msg":"Credentials initialized."}

Showing logs for build [32mcb-kubecd-environment-pr-27-38-rlpcl-1[0m stage [32mfrom-build-pack[0m and container [32mstep-working-dir-initializer-ggkj9[0m
{"level":"warn","ts":1570617266.6667392,"logger":"fallback-logger","caller":"logging/config.go:69","msg":"Fetch GitHub commit ID from kodata failed: open /var/run/ko/HEAD: no such file or directory"}
{"level":"info","ts":1570617266.6686265,"logger":"fallback-logger","caller":"bash/main.go:65","msg":"Successfully executed command \"mkdir -p /workspace/source /workspace/source/env\""}

Showing logs for build [32mcb-kubecd-environment-pr-27-38-rlpcl-1[0m stage [32mfrom-build-pack[0m and container [32mstep-place-tools[0m

Showing logs for build [32mcb-kubecd-environment-pr-27-38-rlpcl-1[0m stage [32mfrom-build-pack[0m and container [32mstep-git-source-cb-kubecd-environment-pr-27-38-rbv2q[0m
{"level":"warn","ts":1570617270.758848,"logger":"fallback-logger","caller":"logging/config.go:69","msg":"Fetch GitHub commit ID from kodata failed: \"ref: refs/heads/master\" is not a valid GitHub commit ID"}
{"level":"info","ts":1570617271.8190007,"logger":"fallback-logger","caller":"git/git.go:102","msg":"Successfully cloned https://github.com/cb-kubecd/environment-pr-27-38-boot-gke-staging.git @ c401326d8ae2c17d3517089aa15edcf511b057bd in path /workspace/source"}

Showing logs for build [32mcb-kubecd-environment-pr-27-38-rlpcl-1[0m stage [32mfrom-build-pack[0m and container [32mstep-git-merge[0m
Using SHAs from PULL_REFS=master:a3d8830006904dd06d83be0220ded9ccd32d1ebb,5:c401326d8ae2c17d3517089aa15edcf511b057bd
DEBUG: ran git fetch --unshallow origin c401326d8ae2c17d3517089aa15edcf511b057bd: a3d8830006904dd06d83be0220ded9ccd32d1ebb: in 
DEBUG: ran git checkout master in 
DEBUG: ran git reset --hard a3d8830006904dd06d83be0220ded9ccd32d1ebb in 
DEBUG: ran clean --force -d . in 
DEBUG: ran git merge c401326d8ae2c17d3517089aa15edcf511b057bd in 
Merged SHA c401326d8ae2c17d3517089aa15edcf511b057bd with commit message 'chore: Promote bdd-sbrp-import-1570617087 to version 0.0.1' into base branch master

Showing logs for build [32mcb-kubecd-environment-pr-27-38-rlpcl-1[0m stage [32mfrom-build-pack[0m and container [32mstep-build-helm-build[0m
WARNING: No $CHART_REPOSITORY defined so using the default value of: http://jenkins-x-chartmuseum:8080
Adding missing Helm repo: storage.googleapis.com https://storage.googleapis.com/chartmuseum.jenkins-x.io
Read credentials for https://storage.googleapis.com/chartmuseum.jenkins-x.io from vault helm/repos
Successfully added Helm repository storage.googleapis.com.
Adding missing Helm repo: jenkins-x-chartmuseum http://jenkins-x-chartmuseum:8080
Read credentials for http://jenkins-x-chartmuseum:8080 from vault helm/repos
Successfully added Helm repository jenkins-x-chartmuseum.
WARNING: No $CHART_REPOSITORY defined so using the default value of: http://jenkins-x-chartmuseum:8080
Adding missing Helm repo: chartmuseum.jenkins-x.io http://chartmuseum.jenkins-x.io
Read credentials for http://chartmuseum.jenkins-x.io from vault helm/repos
Successfully added Helm repository chartmuseum.jenkins-x.io.
