
Showing logs for build [32mcb-kubecd-environment-pr-27-38-mchw2-1[0m stage [32mfrom-build-pack[0m and container [32mstep-credential-initializer-n9xlv[0m
{"level":"warn","ts":1570617711.7725008,"logger":"fallback-logger","caller":"logging/config.go:69","msg":"Fetch GitHub commit ID from kodata failed: \"ref: refs/heads/master\" is not a valid GitHub commit ID"}
{"level":"info","ts":1570617711.7732835,"logger":"fallback-logger","caller":"creds-init/main.go:40","msg":"Credentials initialized."}

Showing logs for build [32mcb-kubecd-environment-pr-27-38-mchw2-1[0m stage [32mfrom-build-pack[0m and container [32mstep-working-dir-initializer-wndnp[0m
{"level":"warn","ts":1570617712.6752753,"logger":"fallback-logger","caller":"logging/config.go:69","msg":"Fetch GitHub commit ID from kodata failed: open /var/run/ko/HEAD: no such file or directory"}
{"level":"info","ts":1570617712.6771033,"logger":"fallback-logger","caller":"bash/main.go:65","msg":"Successfully executed command \"mkdir -p /workspace/source /workspace/source/env\""}

Showing logs for build [32mcb-kubecd-environment-pr-27-38-mchw2-1[0m stage [32mfrom-build-pack[0m and container [32mstep-place-tools[0m

Showing logs for build [32mcb-kubecd-environment-pr-27-38-mchw2-1[0m stage [32mfrom-build-pack[0m and container [32mstep-git-source-cb-kubecd-environment-pr-27-38-tznch[0m
{"level":"warn","ts":1570617777.6174858,"logger":"fallback-logger","caller":"logging/config.go:69","msg":"Fetch GitHub commit ID from kodata failed: \"ref: refs/heads/master\" is not a valid GitHub commit ID"}
{"level":"info","ts":1570617779.5372279,"logger":"fallback-logger","caller":"git/git.go:102","msg":"Successfully cloned https://github.com/cb-kubecd/environment-pr-27-38-boot-gke-staging.git @ c42746a150c24bc9d68a46a6cd627646e61c9c3d in path /workspace/source"}

Showing logs for build [32mcb-kubecd-environment-pr-27-38-mchw2-1[0m stage [32mfrom-build-pack[0m and container [32mstep-git-merge[0m
Using SHAs from PULL_REFS=master:40d25cf4fff610b135326fd1b619ce64332a7f40,6:c42746a150c24bc9d68a46a6cd627646e61c9c3d
DEBUG: ran git fetch --unshallow origin c42746a150c24bc9d68a46a6cd627646e61c9c3d: 40d25cf4fff610b135326fd1b619ce64332a7f40: in 
DEBUG: ran git checkout master in 
DEBUG: ran git reset --hard 40d25cf4fff610b135326fd1b619ce64332a7f40 in 
DEBUG: ran clean --force -d . in 
DEBUG: ran git merge c42746a150c24bc9d68a46a6cd627646e61c9c3d in 
Merged SHA c42746a150c24bc9d68a46a6cd627646e61c9c3d with commit message 'chore: Promote bdd-nh-import-1570617087 to version 0.0.1' into base branch master

Showing logs for build [32mcb-kubecd-environment-pr-27-38-mchw2-1[0m stage [32mfrom-build-pack[0m and container [32mstep-build-helm-build[0m
WARNING: No $CHART_REPOSITORY defined so using the default value of: http://jenkins-x-chartmuseum:8080
Adding missing Helm repo: storage.googleapis.com https://storage.googleapis.com/chartmuseum.jenkins-x.io
Read credentials for https://storage.googleapis.com/chartmuseum.jenkins-x.io from vault helm/repos
Successfully added Helm repository storage.googleapis.com.
Adding missing Helm repo: jenkins-x-chartmuseum http://jenkins-x-chartmuseum:8080
Read credentials for http://jenkins-x-chartmuseum:8080 from vault helm/repos
Successfully added Helm repository jenkins-x-chartmuseum.
WARNING: No $CHART_REPOSITORY defined so using the default value of: http://jenkins-x-chartmuseum:8080
Adding missing Helm repo: chartmuseum.jenkins-x.io http://chartmuseum.jenkins-x.io
Read credentials for http://chartmuseum.jenkins-x.io from vault helm/repos
Successfully added Helm repository chartmuseum.jenkins-x.io.
